Netlify CMS File System Proxy Server configured with /Users/iris/Desktop/booguu-website-master
events.js:292
      throw er; // Unhandled 'error' event
      ^

Error: listen EADDRINUSE: address already in use :::3001
    at Server.setupListenHandle [as _listen2] (net.js:1313:16)
    at listenInCluster (net.js:1361:12)
    at Server.listen (net.js:1447:7)
    at Function.listen (/Users/iris/Desktop/booguu-website-master/node_modules/express/lib/application.js:618:24)
    at /Users/iris/Desktop/booguu-website-master/node_modules/netlify-cms-proxy-server/dist/index.js:2:15808
    at Object.<anonymous> (/Users/iris/Desktop/booguu-website-master/node_modules/netlify-cms-proxy-server/dist/index.js:2:15888)
    at a (/Users/iris/Desktop/booguu-website-master/node_modules/netlify-cms-proxy-server/dist/index.js:2:124)
    at /Users/iris/Desktop/booguu-website-master/node_modules/netlify-cms-proxy-server/dist/index.js:2:923
    at Object.<anonymous> (/Users/iris/Desktop/booguu-website-master/node_modules/netlify-cms-proxy-server/dist/index.js:2:933)
    at Module._compile (internal/modules/cjs/loader.js:1147:30)
Emitted 'error' event on Server instance at:
    at emitErrorNT (net.js:1340:8)
    at processTicksAndRejections (internal/process/task_queues.js:84:21) {
  code: 'EADDRINUSE',
  errno: -48,
  syscall: 'listen',
  address: '::',
  port: 3001
}
Netlify CMS File System Proxy Server configured with /Users/iris/Desktop/booguu-website-master
events.js:292
      throw er; // Unhandled 'error' event
      ^

Error: listen EADDRINUSE: address already in use :::3001
    at Server.setupListenHandle [as _listen2] (net.js:1313:16)
    at listenInCluster (net.js:1361:12)
    at Server.listen (net.js:1447:7)
    at Function.listen (/Users/iris/Desktop/booguu-website-master/node_modules/express/lib/application.js:618:24)
    at /Users/iris/Desktop/booguu-website-master/node_modules/netlify-cms-proxy-server/dist/index.js:2:15808
    at Object.<anonymous> (/Users/iris/Desktop/booguu-website-master/node_modules/netlify-cms-proxy-server/dist/index.js:2:15888)
    at a (/Users/iris/Desktop/booguu-website-master/node_modules/netlify-cms-proxy-server/dist/index.js:2:124)
    at /Users/iris/Desktop/booguu-website-master/node_modules/netlify-cms-proxy-server/dist/index.js:2:923
    at Object.<anonymous> (/Users/iris/Desktop/booguu-website-master/node_modules/netlify-cms-proxy-server/dist/index.js:2:933)
    at Module._compile (internal/modules/cjs/loader.js:1147:30)
Emitted 'error' event on Server instance at:
    at emitErrorNT (net.js:1340:8)
    at processTicksAndRejections (internal/process/task_queues.js:84:21) {
  code: 'EADDRINUSE',
  errno: -48,
  syscall: 'listen',
  address: '::',
  port: 3001
}
